659
84
93
361
426
537
601
634
892
1006
1409
1534
1537
1608
1629
1879
1889
2164
2176
2222
2515
2547
2601
2608
2698
2774
2802
2844
2948
2998
3128
3178
3233
3304
3343
3434
3512
3643
3652
3690
3711
3725
3734
3737
3753
3880
4004
4313
4364
4477
4525
4546
4569
4639
4721
4805
4925
5059
5062
5175
5245
5270
5414
5512
5595
5717
5729
5765
5807
5916
5935
5974
6006
6049
6063
6181
6187
6240
6380
6435
6544
6657
6738
6860
6927
7244
7294
7416
7442
7520
7547
7684
7698
7859
7973
7978
7985
8095
8181
8198
8493
8525
8593
8598
8601
8796
8822
8869
8941
8990
9025
9029
9045
9056
9066
9208
9417
9425
9697
9775
9808
9894
9949
9987
10147
10210
10251
10272
10292
10321
10357
10393
10398
10409
10437
10459
10641
10717
10723
10749
10752
10813
10816
10824
10903
10924
11015
11261
11266
11277
11414
11418
11512
11526
11666
11875
11890
12068
12161
12192
12216
12219
12321
12585
12649
12656
12660
12727
12769
12799
12931
12940
12967
13382
13456
13539
13575
13673
13741
13792
13878
13897
13927
13953
13975
14058
14358
14407
14485
14575
14673
14720
14852
14865
14954
14975
14994
15000
15148
15186
15257
15330
15360
15477
15492
15506
15537
15579
15652
15736
15901
16016
16158
16165
16291
16404
16465
16548
16662
16771
16823
16904
16920
16958
17117
17293
17368
17464
17517
17728
17738
17750
18024
18109
18131
18239
18379
18619
18635
18639
18801
18821
18944
19057
19237
19502
19530
19565
19619
19922
20098
20101
20169
20338
20413
20472
20498
20503
20533
20769
20822
20908
21042
21099
21111
21318
21379
21400
21419
21472
21487
21518
21664
21684
21770
21815
21854
21872
22101
22141
22277
22364
22395
22469
22493
22639
22643
22679
22748
22754
22980
22994
22997
23007
23026
23038
23052
23216
23275
23278
23283
23394
23539
23574
23609
23699
23706
23744
23863
24011
24027
24033
24153
24312
24584
24591
24618
24701
24714
24906
25136
25172
25179
25187
25415
25574
25593
25641
25736
25842
25882
26111
26151
26196
26232
26378
26406
26597
26602
26608
26704
26837
26842
26851
26856
26862
26944
27137
27287
27480
27574
27663
27745
27794
28232
28457
28532
28581
28584
28593
28698
28711
28742
28802
28904
28907
28967
29100
29266
29359
29451
29513
29558
29571
29624
29627
29634
29649
29658
29677
29701
29780
29798
29915
30064
30230
30244
30302
30315
30346
30368
30397
30633
30646
30677
30737
30814
30958
30969
31044
31097
31117
31184
31412
31466
31476
31655
31663
31747
31820
32029
32057
32145
32278
32300
32483
32505
32568
32627
32705
32826
32865
32876
32887
32999
33029
33058
33179
33306
33360
33377
33410
33433
33594
33599
33627
33804
33941
34024
34195
34204
34408
34426
34596
34724
34766
34794
35166
35180
35225
35282
35401
35426
35429
35452
35499
35549
35702
35798
35949
35959
36046
36141
36186
36258
36326
36549
36632
36664
36845
36979
37111
37243
37321
37390
37431
37444
37478
37524
37631
37702
37719
37782
37891
37986
38059
38065
38087
38115
38305
38332
38383
38436
38449
38490
38531
38682
38705
38709
38822
38902
38909
38921
38970
39084
39161
39223
39300
39479
39503
39511
39707
39765
39871
39874
40041
40044
40063
40082
40087
40177
40194
40234
40286
40307
40329
40446
40502
40530
40564
40688
40716
40932
40944
41008
41024
41248
41341
41384
41388
41420
41484
41504
41641
41697
41835
41863
42043
42087
42139
42177
42304
42453
42511
42688
42694
42782
42808
42811
42886
42909
42923
42973
43272
43376
43585
43611
43732
43858
43873
43921
44070
44116
44144
44149
44206
44293
44364
44413
44472
44475
44692
44710
44743
45015
45018
45036
45494
45574
45578
45645
45652
45788
45982
45989
46066
46101
46145
46175
46236
46280
46433
46445
46449
46460
46465
46481
46503
46531
46540
46685
46743
46787
46967
47002
47091
47163
47174
47342
47355
47372
47461
47538
47571
47755
47764
47776
47867
47875
47880
47887
47922
47998
48072
48076
48166
48186
48200
48393
48402
48411
48414
48461
48500
48669
48709
48741
48772
48820
48856
48932
49049
49129
49403
49559
49692
49723
49742
49815
49908
