232
160
213
282
455
501
703
1163
1354
1488
1514
1565
1901
2757
2912
2917
3049
3092
3383
3390
3740
3751
4008
4047
4340
4458
4549
4709
4819
4884
5062
5098
5261
5439
5731
5962
5989
6224
6387
6436
6547
6586
6908
6937
7097
7382
7467
7898
8003
8021
8316
8904
9024
9647
9849
9950
10007
10685
11179
11315
11380
11447
11585
11791
11827
11934
12375
12595
12719
12792
12999
14053
14138
14365
14441
14819
15057
15178
15778
15990
16024
16183
16317
16355
16535
16827
17192
17217
17636
18308
18364
18826
18905
18954
19054
19147
19286
19715
19870
19885
19895
20168
20329
20400
20466
20492
20602
20809
21559
21854
21963
22180
22881
23192
23921
24157
24220
24505
24893
25023
25377
25462
25871
26015
26039
26245
26330
26901
27153
27454
27726
27782
27811
28050
28167
28535
28681
28708
28893
29107
29201
29445
29449
29655
29959
30196
30491
30538
30561
30576
30871
31892
32006
32791
33018
33081
33135
33156
33173
33286
33560
33789
33896
34116
34149
34277
34342
34476
34687
35102
35251
35340
36398
37153
37525
37802
38124
38193
38561
39020
39053
39061
39643
40283
40954
40987
41280
41333
41995
42022
42272
42453
42663
42812
42994
43079
43156
43247
43343
43558
43600
43765
44592
44736
44807
44917
45015
45054
45294
45359
45504
45551
45793
45914
46105
46154
46190
46434
46438
46529
47057
47089
47150
47605
48355
48370
48508
48932
48978
49134
49398
49586
49717
