932
45
56
107
162
171
221
231
269
276
292
332
347
398
399
431
447
465
480
526
527
531
533
547
576
611
629
638
650
676
729
759
796
808
833
860
886
927
960
1023
1081
1176
1313
1340
1409
1431
1436
1546
1585
1658
1690
1694
1709
1762
1769
1795
1826
1870
1882
1900
1924
1983
2020
2074
2098
2165
2176
2223
2289
2325
2364
2403
2429
2519
2522
2549
2556
2672
2703
2790
2803
3084
3094
3156
3239
3391
3499
3572
3608
3612
3636
3698
3741
3743
3752
3822
3915
3918
3982
4080
4157
4158
4180
4268
4303
4363
4415
4441
4525
4547
4550
4565
4591
4625
4655
4684
4747
4755
4774
4796
4857
4860
4874
4881
4882
4950
4957
4975
4978
5011
5057
5077
5113
5124
5139
5190
5299
5378
5390
5455
5544
5762
5806
5866
5868
6187
6394
6533
6536
6555
6673
6771
6911
6913
6924
7055
7089
7113
7132
7159
7168
7197
7199
7216
7219
7234
7371
7402
7438
7459
7475
7506
7554
7571
7581
7648
7743
7745
7778
7807
7820
7873
7875
7901
7909
7934
7936
7974
7977
7978
7994
7996
8024
8031
8034
8046
8058
8095
8101
8135
8158
8172
8187
8232
8264
8310
8345
8347
8385
8421
8443
8459
8493
8502
8514
8546
8553
8569
8579
8585
8624
8625
8637
8684
8715
8717
8736
8739
8771
8773
8778
8792
8803
8831
8845
8872
8877
8908
8909
8923
8932
8955
8966
8968
8976
8986
8992
9003
9004
9019
9060
9062
9085
9092
9095
9096
9123
9169
9204
9207
9232
9266
9268
9270
9290
9297
9323
9337
9341
9398
9424
9430
9439
9440
9442
9452
9468
9477
9492
9499
9510
9525
9532
9547
9555
9571
9588
9624
9633
9651
9665
9673
9691
9701
9717
9718
9729
9730
9762
9794
9799
9814
9834
9844
9853
9873
9885
9907
9920
9956
9992
10003
10007
10022
10059
10111
10114
10116
10120
10142
10146
10148
10152
10166
10175
10185
10222
10223
10225
10227
10259
10274
10321
10331
10354
10362
10372
10376
10388
10413
10420
10433
10444
10447
10488
10518
10526
10527
10529
10557
10613
10668
10745
10779
10871
10881
10888
10897
10899
10903
10930
11001
11058
11099
11156
11182
11222
11240
11249
11267
11270
11345
11378
11499
11569
11596
11602
11648
11691
11713
11765
11771
11790
11796
11860
11872
11874
11886
11887
11890
11916
11951
11952
11962
11976
11991
12024
12025
12050
12055
12081
12096
12105
12111
12130
12136
12142
12158
12187
12234
12268
12273
12274
12289
12308
12312
12400
12416
12442
12443
12449
12463
12477
12484
12522
12611
12615
12629
12647
12661
12762
12774
12780
12816
12887
12935
12944
12962
12980
13036
13076
13078
13113
13132
13150
13174
13202
13220
13227
13281
13282
13378
13388
13397
13436
13452
13455
13462
13478
13508
13538
13589
13602
13614
13629
13656
13742
13757
13767
13882
13889
13894
13955
13972
14111
14129
14137
14154
14171
14172
14231
14235
14315
14320
14424
14425
14438
14474
14528
14541
14548
14558
14573
14581
14585
14588
14592
14597
14620
14674
14746
14756
14757
14764
14784
14846
14862
14909
14928
14951
14966
14975
15014
15092
15122
15169
15228
15253
15254
15274
15329
15386
15424
15468
15501
15544
15573
15632
15705
15745
15749
15752
15785
15790
15814
15851
15910
15999
16002
16028
16035
16054
16136
16147
16170
16194
16235
16244
16248
16265
16271
16279
16312
16330
16344
16352
16364
16374
16389
16407
16411
16459
16531
16582
16602
16607
16609
16613
16627
16680
16796
16805
16836
16933
16976
17035
17052
17125
17187
17217
17339
17474
17480
17522
17589
17616
17618
17635
17652
17717
17814
17897
18056
18079
18120
18139
18280
18408
18417
18516
18635
18657
18684
18730
18790
18826
18842
18980
19115
19123
19144
19190
19277
19280
19320
19443
19563
19589
19600
19606
19682
19739
19943
19979
20032
20090
20249
20273
20316
20818
20969
21059
21070
21202
21233
21239
21433
21471
21543
21695
21710
21765
21930
22172
22239
22488
22617
23067
23287
23347
23382
23401
23414
23607
23628
23668
23680
24088
24196
24580
24649
24724
25114
25209
25235
25246
25323
25327
25333
25356
25368
25374
25443
25461
25476
25503
25512
25515
25537
25546
25574
25597
25690
25756
25810
25876
25884
25988
26018
26025
26079
26121
26154
26168
26218
26249
26251
26301
26320
26345
26361
26434
26445
26479
26492
26494
26549
26593
26627
26658
26659
26731
26745
26746
26751
26759
26800
26823
26863
26869
26948
26953
26965
27010
27036
27091
27102
27106
27141
27147
27151
27165
27169
27268
27340
27362
27406
27416
27431
27536
27705
27812
27880
27912
28027
28090
28190
28274
28334
28403
28444
28464
28582
28654
28705
28764
28798
28808
28813
28817
29040
29112
29210
29315
29430
29540
29594
29612
29791
29888
29911
30265
30374
30686
30774
30784
30829
30861
30864
30908
30921
30937
31002
31017
31070
31156
31200
31213
31225
31461
31575
31851
31852
31976
32336
32496
32549
32764
32945
32996
33026
33055
33071
33172
33218
33474
33495
33685
33785
33948
33997
34124
34249
34279
35259
35335
37007
37226
37307
37818
38324
38425
39925
41663
41677
41985
42247
42315
42397
42553
42798
43093
43239
43291
43563
43717
43783
43845
43993
44075
44095
44185
44227
44396
44795
44847
44913
45046
45094
45106
45348
45356
45622
45710
45714
45871
45877
46876
47176
48243
50348
51500
52124
52153
53366
53579
53733
54512
54678
54986
55641
62948
69061
69509
69916
70267
71058
71255
71879
72243
72536
73879
74198
74752
74787
74834
75992
76635
76742
76749
76964
77803
77999
78031
78052
78080
78200
78359
78593
78634
79019
79020
79050
79093
79097
79109
79139
79149
79226
79260
79289
79306
79340
79432
79469
79525
79557
79694
79743
79763
79802
79811
79812
79838
79882
79891
79907
79928
79931
79938
79944
79951
79964
