4716395
2979132
3054980
28941503
9004872
19763762
15729805
11803159
13198602
8516474
2018419
4979040
8959771
11900687
2976384
277422
26053797
2068842
6207673
9198821
29326804
872778
3445859
491413
6193770
15157941
22213851
12402936
3684899
6847361
23156249
2374693
11416681
2179979
8327232
9291319
11794585
6601322
2369497
27526713
164018
18996506
3334748
8240409
26500359
6925109
198140
11894598
13794491
14146129
25725580
21712566
7198038
711225
10001461
11140098
13790651
3976602
10939633
7421451
38584
6765319
4595835
17479675
9795199
453081
18023604
23563642
5208524
21900321
9301895
5485027
164418
9262178
22324551
12405928
20335130
26573192
1357937
8627889
20446405
3747847
25809001
28606205
23758371
23260516
13247917
6207673
5658908
10948050
1437154
3144024
23674616
25631835
27990869
27563570
2259907
1593921
28811073
401297
413786
35238
16040572
3182306
7532330
6122942
4600465
5319254
7346003
16247329
26803281
4474682
14301324
753840
6093748
11444017
4892871
23193774
6999922
596005
28186068
2645679
11014355
2997543
2023834
7175005
10861805
12018538
15847951
14623113
11883329
5143598
8344521
6347481
223247
7402614
12505350
9257037
10028643
5922434
5757806
10209358
16704001
6088185
18802434
6729573
17916256
14230441
2354249
27679076
13990278
29951903
12061766
10944010
2171582
9542477
67758
1205
8491395
3931445
9006796
4639512
5500182
28662168
28390829
14719879
12657029
12595636
11772098
5746938
10574567
16343347
19880136
7468040
1155594
26616882
5219502
28335281
9585222
17588578
6696176
28617012
23044016
586098
6279739
9897197
18989090
25155760
20863032
12861369
10757065
12678668
11648375
2522580
23102151
11966649
12749623
5997539
27178602
20144410
12581068
2291067
34026
7550258
8812320
2625565
7829506
24982803
15738449
27415990
12010743
17714952
11004599
13763127
5410808
9692536
7058902
22741857
3086084
4891741
10979340
10708645
5977098
8592436
1143619
10822295
20418895
5408181
9214216
4802081
28811073
8127112
528860
8170954
4839022
12003287
10803261
1324038
747777
29404146
23940390
1211621
157573
10229844
9025261
12843564
23028181
23849236
3964269
29861940
9205839
12372376
8485519
26996843
10689777
583185
9664526
20679803
21219303
12164374
20135132
15601361
16062156
7988506
15157941
5330056
734653
348306
3209378
4592312
17751276
28521821
28883639
11736663
29448221
21072232
11734713
4763780
10929633
1012739
11669770
35819
4961980
16859635
22606409
29780085
23463042
2983880
2105710
10664518
7787925
3618440
2954944
22271218
711887
12151308
25643
26066076
25587774
2881679
27375881
10018479
2683876
18450364
7091526
1131767
9180354
14019701
457147
10806520
10444786
13705603
7314810
11211515
9626992
3449356
17833542
29184324
9533141
24526760
13864339
9657983
14051506
13056776
9247735
5538380
6565368
4551349
11557590
12435634
17123076
20425864
1747621
25475070
20071992
2752787
6644543
6756676
21994481
29529229
3760883
1295282
29918772
3908558
23528666
25180111
17012276
2846873
6272357
760844
8964742
2314876
12618215
2866255
2546564
10803261
208995
3070802
25803935
7944147
12147829
3197765
9812529
6076605
16384651
8218454
23847470
7162568
7295893
8888356
1992487
53914
7004076
3291589
12332866
13037900
25111462
4239661
10263540
29830223
1783640
6961814
29023736
4378625
21072232
10497184
17542425
13657335
13123132
1717711
16062156
5020286
1589924
9524262
28894916
5337518
8497880
4068728
11894113
3712795
13433151
5479984
11459633
24751297
26323451
25720935
23250269
12151308
16898413
7334977
9152503
5611959
18925962
15120570
11803159
29383375
9663956
9147730
1116845
22304359
12778982
50482
9881565
2029605
19359410
50893
11124794
1447253
9590224
23522726
10445090
17024214
7578461
14004980
10724203
5914602
2507271
25324686
16710601
11112560
28233944
4525093
23513506
6544265
28517906
2116446
21535661
5121622
19923178
10336806
23786585
21408438
10092088
20939203
7146827
11965472
22928037
5708644
7878853
22936517
5807547
26499268
12847241
17729517
12571782
23877251
11177159
12307278
17206485
1621549
6279592
26500359
20112117
160348
6109821
25643
1786114
18514538
11335297
6735987
25014944
12928149
7410034
10657631
17403473
9337625
4840236
8801475
8751240
3873204
13499992
5858119
897870
14733602
24977711
31336
14238949
12866889
50893
4430939
13907972
11016875
19234785
20405843
25337238
487961
23644637
11589654
4416059
17536906
24700640
7784470
7310778
19323009
2279384
4492081
2259516
11718317
12909365
4750520
13681875
2663574
11673193
9377633
13814672
1194415
19815953
7975385
22360311
8422873
12137095
20124075
15111621
13698607
2385387
24324469
7871544
1588659
8880948
25470633
11329740
25305589
10002115
19670166
4579611
20162667
2591459
2130879
26709778
8202051
8188678
3812652
6541296
14939265
7940428
25643
5440771
25180111
29732426
5602255
10267088
10197077
771565
3730469
13840819
26555539
8235080
48497
2932878
2341755
23430762
6333277
13686825
2075619
6199420
15628890
18139777
24677524
7249058
16829198
14822397
6491207
27058758
2086525
11968211
25238088
12338197
2133090
13921671
29524658
6728733
7068659
6165709
21432008
12434662
7446277
4422786
16029406
10585563
6488637
23800703
4831402
26304797
11926562
4381935
27022863
18539654
5831879
26615450
14526211
21402310
342444
15813217
9552355
10277861
1972843
16624558
22191651
9505905
14111875
2155380
29160986
9547204
3507607
2106205
2416237
24285890
20736549
29438131
5769841
10533275
6458451
16157777
14618
12498895
22242183
8945880
4987718
3597971
9054960
18292871
5433837
8269243
10879260
3099073
513122
4719704
13789760
1582824
28528307
4839022
14800831
10964631
4340897
16619092
24575282
13274851
9533742
17859190
2358936
8434541
16066116
7684551
12710243
11426597
24760107
13348199
1536859
7113576
7000047
8201811
3923741
21497096
17489800
13959944
15351182
13371814
3598954
8482045
9098995
18632877
8001205
25041142
14358497
6692260
23579174
19438124
14112205
18783070
25041798
11018829
2604658
2558131
15124970
14339289
500164
4646941
17000181
3516442
20952727
12225035
6544265
318989
7666647
11940178
10835140
28462771
9362180
23140802
9693176
17410853
12338170
5216264
21517012
8365818
22481617
17737182
11966649
23006299
772902
6625466
3935322
11550047
9935808
11898527
13921671
9025777
12626268
14936303
6733244
9476527
13385080
6906325
3573837
5098527
29299113
20854119
27842773
269219
20153714
10022116
4036244
8695753
8976597
965452
8876089
7446762
2155140
12720855
29097344
13848718
3967361
20535256
12995164
16947889
12170261
22360561
19240810
15262308
23899402
24147601
13232858
1586266
2680536
7060271
9197049
2015586
7238536
11317854
4609147
21544507
11969939
148770
14128774
4497784
7675168
6956802
6119833
18036411
23835155
23255591
6662067
22891743
5872542
4682342
13363072
14800831
12381547
21978435
2253173
6450466
15001129
8280166
27769548
16470490
28839711
14104669
229567
12062543
11944673
2078723
20863811
6245813
10365460
19040077
16786659
8609350
8470976
4646941
6534412
10278922
3144024
5251898
11657256
1337699
25594063
5763589
1558040
28714481
12441966
15328833
6974953
1511963
20331103
14086755
14332025
19336388
22047682
15870353
24022703
23796900
11566898
5084460
4583474
26712609
9760404
4084620
293708
6921180
3100684
29861940
6926064
5856411
9462850
9152561
13229033
5203053
27669475
2219006
7171094
25838127
14695370
8162172
27390623
285610
4801626
20087273
2254337
11863737
21106500
1150725
18351021
7904931
13604516
11559595
10835140
21763874
19727849
15519369
24474093
13781573
5957085
3291589
22384308
17043631
19267193
24465370
7361497
12819844
49996
27397182
18005838
9721561
20034014
8198217
5506982
238180
2048978
5631
8276747
619605
17508970
6271868
7472535
9998710
1268468
5330056
5640161
13105286
2596441
7215629
7887855
10348695
8471517
10764598
25477002
13932781
8492750
26911425
16935390
13621258
28381183
1167607
9212237
19828446
2949
24289970
4222927
11959410
6290348
24903653
7060271
27852045
2212953
24171607
27354830
26801745
26627579
26902281
19667007
11939135
13247480
12638762
2221850
6320461
8512493
22931464
22852440
19246429
14565639
8964304
13548742
10790388
23598202
21532698
20985347
8500209
13247917
20430850
3470940
13910572
4415241
11397368
6507264
3254773
27935505
1368258
16672560
5960272
10548569
1408738
10165821
19404334
12921964
19074845
9051337
9002322
27174774
19414711
9125646
14285860
12029648
11466171
11037435
21107418
25359897
26950592
19904217
10563636
16599218
8629250
10337999
27203849
20452870
20041382
3448785
11314463
7064970
9471043
2663574
1590120
19699257
2220899
158905
26990856
24580012
1082790
25349567
23121650
112012
4997012
28945327
1149644
6226079
29663652
3655906
27178602
3673078
25799745
6796782
4223852
8325550
2066923
12026587
8673621
9034429
13958493
28084682
18114942
7081367
18475
8161939
2585329
4766082
4342077
28770677
15356732
24382658
10281993
28679786
19916238
7346003
24202938
5996684
2173932
2496813
13985728
12269434
9479460
28474269
5112784
1546722
19529547
3289240
15233715
22531610
6382106
24704673
26505584
21631062
10347992
1648244
13849248
5249041
11887730
16175310
7232490
3169786
1747621
18696162
9034429
7081064
173957
16156389
7091334
7236545
15319410
20295795
9701375
6348533
23508359
6735987
23040204
26673748
5035
119044
18100236
4685384
3382870
5167729
23465847
6319701
11090695
10002115
6631929
8204299
13864339
18665016
3708493
1765327
8285648
13408123
6093554
6638119
21595364
13724790
1466693
9646893
27272889
2009290
16401363
29206839
13981208
23581652
22997642
16169020
14002366
10557555
28536808
9978452
26852766
4386047
10540441
22801249
2510187
4942263
24518052
26666665
6340501
383304
11698703
29125430
1695654
29666537
27873094
7373049
19033723
26561947
1619219
9558587
189310
12402005
19839127
10763601
16240627
558914
19514834
15151835
2462768
3099073
18825824
8324454
8873390
5375994
2959650
6875840
2752551
21040283
23156490
19683125
528860
1698811
11650074
16574901
14551039
25711527
8584151
159624
15761718
10444786
12094615
6418294
7394525
23789321
23147160
1368258
939494
20492518
5560557
10362625
481111
20308905
9838749
11559595
18567065
4091
8699051
6323779
19833778
14053413
5935268
3931981
3475480
10119577
8324454
6500053
8072726
21801724
23908469
1244103
17182178
6321881
15069524
3025503
7478539
7688752
51372
9748
13665519
5042178
13885426
7540132
1579419
12638280
23348959
11659544
13724149
29624402
264705
25737671
5670978
2092840
24305318
22616764
22176882
3925392
16627827
14146479
26047771
6336748
27035252
24768336
11361475
15951840
2048093
20840768
7830459
12573083
856538
29807545
5000186
5516765
9316418
459127
22255248
6853408
5445063
27374606
27771452
9376321
18553842
26357896
9652850
2048093
7170116
21560609
28848018
15252300
13089422
26834346
24822470
29724415
18773094
17558213
92159
1268468
4339262
23411288
22527899
8989312
2974781
6242974
1159494
3649412
12423445
876309
5786831
14232569
27864989
26291932
29142466
28346618
23620524
4067811
9752309
203532
9169363
19775162
8951079
5918573
15444691
4578171
12341950
1571068
1786109
14644491
26181267
9310985
1348385
8064100
23897897
28726645
290476
7673091
8527629
3504709
5907352
24844298
9314064
14168577
23472696
18573537
247140
13187903
14112771
20144808
19477061
11484974
8115538
1354498
23028181
7261824
3147364
19028696
17529589
17550683
25846069
16100909
10163988
17238438
27104034
22338494
5412720
10299779
1175566
15069397
2137613
1727622
13334155
28168
2351594
1594534
4997012
25124267
27687718
6132179
13831893
15371066
27583688
22192013
291494
6497370
5500615
11362383
12176724
21428827
12411529
2384800
3923741
17517984
7356905
8946650
1957661
8419814
12246204
16151392
2530818
5474372
15533934
1174928
5089276
7701965
6076605
1116254
1780353
16419773
27616653
10912493
24233369
26317410
27330406
901925
11487352
11365583
11989484
2141364
9953628
28361327
5349820
19587352
4358592
10263540
8644657
22548339
9152722
5048478
1812005
6843
17325640
14128774
2483934
12272709
7772126
49996
944683
21689573
12992732
4519158
5142862
22367890
10299929
951956
2375409
7813176
10700266
1506350
3145721
1225324
19231537
28574940
10570037
8465982
4657892
27789841
3055362
10100887
18606245
23466290
24501
19681388
13454867
9253888
7327291
7173906
9778583
18754555
2852091
26191875
24983237
13071916
9886335
27228157
23044016
28846255
18667068
11959318
12585203
20403204
13902135
6574090
10517802
200
16168923
944375
14638248
6054288
7826558
8428818
23759007
711225
18588158
365704
6551784
1326564
10187864
10622583
24886197
5778586
18734444
6908991
24724228
86118
11707048
19371544
43397
2721821
8539862
11163557
17890098
90841
15875996
24631873
25296064
12826561
243962
27079320
29545949
16458249
7068090
199374
27929941
16028473
3100684
58314
14150610
27316196
4130625
8485500
14158714
27846507
29063223
2499175
995942
8948777
24224078
16030363
8087628
4008144
18034046
3598954
29522340
19767625
8204677
21229955
5559758
22569008
7063300
10012306
489385
1736404
13302227
4512165
27703143
13654164
8521303
619136
8372418
11813809
10584086
9690950
9329565
470344
4274144
20126781
5147434
21244740
12383325
9702776
4901750
9180354
5118184
17213776
20086023
3751233
3694866
1311240
26996524
327322
10881471
10779581
2360906
24263338
5647924
4022982
13582016
18371359
19490573
15304954
9519360
29931752
2761975
14754016
20668262
27583688
13233728
4682342
29720367
27024059
733121
1440576
697205
29153222
26693993
18074339
10983973
24094381
28363767
6743258
18836676
28264829
5485027
12658774
5397124
3036690
7591957
17588578
1091300
11430312
9896678
25375262
8089117
27977971
12411712
15614700
5702906
17195776
21341222
8705358
4899935
12433384
10348695
29153222
13935181
823194
4878901
18253791
24266930
25149355
27731644
26799849
13130844
23556614
21158840
13605235
26046976
22332749
8406846
9965321
14050268
9106430
20772654
11604936
27569362
25745155
23072157
11875211
24205599
3100684
318076
6808067
3086084
5625023
15668640
164018
12566098
18437597
22441424
13587388
6336748
24584740
7170116
9829211
4030147
2449
15946328
11239185
20832900
7964832
11376511
318939
8903963
14909283
6078047
533365
50482
7839402
727035
25720935
20696998
22980706
2554989
4515633
19695363
239225
2128213
12402530
3758500
26437591
28188666
48599
29318554
4622512
1225688
4807782
11008929
1216908
145691
3308519
9622872
4976814
1524351
12936843
13052554
4947739
2256979
2235380
26590219
877595
15800384
9329326
11397368
9246905
10934655
22054003
6086604
14562843
323278
3896817
3896817
2494522
6635329
1663395
26541224
4891741
9603507
22122771
16132192
3027829
18653911
2013450
13622512
7426361
7296572
4734774
1078152
21321011
4169119
12142897
13278564
26173314
14250461
198436
6016690
21942497
27498730
1793817
7238536
18543330
21459050
26379812
7239851
20823747
25712740
14929005
10914798
84705
15813217
1321817
10028643
11996458
16227041
3028536
9026284
4979040
9479460
383153
2573137
502828
28633150
24335934
3678898
9558587
883644
9270424
23616616
15837508
13396819
9002322
23353033
7323707
98715
223916
18009580
4172135
3591468
2259109
12156810
3215695
14991491
12815992
8798373
8010034
2660100
18302072
20068096
24135
1098317
15480807
11089912
5474372
3557219
17058524
28330313
10552547
7960449
28074264
57924
10724518
13005899
16478377
9843808
2786754
18399644
5818508
2519063
2823151
2803828
3418512
14710262
12359623
16166270
11380365
21761200
20583879
9076659
11989276
26198376
17059139
3199385
12619635
12919495
11397368
2658522
14979
10280470
7154714
20952727
21114667
1301195
264623
13512668
26868901
16170853
7326551
6034147
10617339
14067502
7805025
14393918
11615265
4704357
2616792
10164955
20385593
5743498
5115804
10389587
9781980
7812889
20031862
5072461
22968869
4147661
26863345
11166655
24759729
14021109
4467385
5702906
8049235
29586064
9341273
23136825
27147170
771565
18567504
27288252
17736427
6393830
14271142
18640296
3812796
16320381
23258666
1268547
23998734
19732984
13833641
2134725
5996684
8839611
11881711
7789647
7232490
20415903
1892969
4613026
9398841
27769548
2619763
4105730
15649410
16145227
8324454
9242695
3507727
15337122
14647976
19844284
22447103
4686626
4892866
17094456
3070802
7229773
25860655
5728111
13848718
7852243
8413068
382254
10432691
13246769
6604027
10241809
10935699
14390065
28980946
10533275
22217752
10043190
28525973
8168757
273363
10216997
29328
21470238
4079648
21583604
375141
13026739
27818779
12637304
27959773
16340577
1307346
14843786
4214776
7941470
3927003
16200177
1706742
10394433
16055468
5498315
14731531
9004125
9628864
24564948
3516442
76193
23459540
18242
27473698
8481682
2185598
8766527
3257664
6814932
13969988
28557368
6077202
17195776
12638280
11232153
10795522
12902315
19601541
110402
9880808
4288006
16026871
7256759
24222147
13693200
548614
3441412
10790988
13939199
1448027
21866732
24846061
8954863
3886711
2213869
2236085
8285219
24335478
17611066
15176779
10075438
2615691
304761
13246769
10079621
9757759
6850666
8353663
8465982
3242520
1509909
28120178
4577232
1363514
208995
17786716
11285972
17652126
10028643
12149916
1332272
22569008
1770294
25925041
5218525
781326
13915272
28788824
8166171
13783698
5096491
1115720
4489437
16672271
9265427
28360611
28653567
12818487
237597
1791034
26047771
3525372
15266154
23774504
899669
11191608
4766082
4514619
9457662
13640197
15222094
15792122
21928507
24034582
28730
4623733
5462262
18638265
29870098
8063441
22004809
17597250
11170915
23283828
25750
8705815
23944089
23182889
29992083
22473085
14218037
21309609
717598
10438323
21589396
4583474
28594954
11960977
28839711
25963817
20353505
10369978
9245709
14045340
1459535
10144425
12945347
24274548
2187447
1235735
462384
7484568
166846
13332907
22684374
9142978
23747238
24573207
12066175
11698703
189310
911920
22257720
8420713
11582406
28714012
3045117
4380529
13067357
7368208
24176615
2629699
14695370
14857925
15648306
26883003
16465810
8226822
19153218
27847275
7220033
867
1191603
12379004
11521509
853406
5000013
28185819
21163013
16123491
20512907
3160856
14232635
8906918
20368274
15914367
4887807
491413
4745983
6532404
1301249
8904151
177051
13241537
45117
17055891
27952503
6898982
3086084
6140463
3791910
23261422
8393631
15831583
1158711
19141822
2849167
18004897
9786403
29013952
16489453
12011816
20887414
2721096
23196459
23391354
29927837
6983659
8984104
21675931
27737858
20840768
20887030
19632363
3724700
16662170
17662679
22628851
10283787
11733996
2892550
14955133
7818647
6728733
28959428
24261652
1811820
19916087
8585039
17941502
5409221
10737313
24570004
25656147
1315692
11027798
20612419
27749492
19024957
10803635
11234167
3550175
27295467
6059226
6070923
3670551
16960279
5245108
10043190
5617802
6094574
16180059
8535962
5687445
4558959
24380378
19836846
11864257
5909896
2757186
15013956
6575533
307419
6532811
4099641
7458109
28416821
24608450
29091066
12385527
27769955
13030826
19798442
10171140
7035840
10037959
11285633
24714054
13490261
6740033
75674
1901593
13211178
22327594
10231219
4016342
22820395
1609516
15557002
27582174
2338652
12623692
21342527
13187903
10787154
21999482
11325821
15863354
791580
4408874
6358695
21675931
27153161
2404339
17149485
13050035
18420452
29553476
11464418
150666
23246524
4662314
14079907
31890
15559366
12442941
11362383
11268392
7442762
6031613
8497880
11225852
27410258
13263304
9362135
11969939
2996154
4261330
583185
15907941
18746427
568609
1742016
14631016
13504222
2333407
21850759
13781573
21292960
10015340
9924921
22307020
7769647
17991460
10491194
1752657
14143982
10617005
12794579
5267294
20920041
1638162
28215701
10882019
10891720
10449836
19716216
15384669
27741397
12305122
6918515
3194204
14958612
10681696
29553476
3435964
7343833
8984104
11894113
13513505
23633497
17566102
8130558
8498441
153677
6316808
11941561
12189394
11464418
21355548
13350447
2557165
26875855
16193134
834843
27614328
8258985
5527694
13935181
12208318
21495658
15413579
26764799
3776241
339964
104231
10119543
7817925
7817137
5722080
1095139
28811242
3690898
4331123
19705590
4646941
9983979
25888605
899669
2499175
11329740
29079425
24127539
25803935
13380092
4578929
27473698
308709
29084705
11130919
12299214
12472
7789647
1619154
13548153
27799372
1685562
18216397
554686
8346214
7421900
11126208
8114929
13332907
18800359
27635321
10365460
2892550
27908171
28011682
11007985
5534089
19062842
13928921
8220546
13031288
8297387
2116579
14669320
4994908
23000586
3985069
2250262
25005823
3601644
9076659
4169928
22747083
2669885
21973660
7988506
8158116
8365818
243943
27583688
28709361
3592037
15547475
19908100
2475185
5190152
29021948
5164511
7401442
10475926
13670216
3192729
2256979
3271557
1074418
12530742
12015069
3161661
3677499
64016
8312127
4080906
17365386
25416944
13581149
2940466
23103314
7745508
2628287
5767795
27846507
11226747
12351865
2970954
16180769
9197216
9818815
27017074
17941502
12192348
9462809
9350568
15243683
13381791
6986414
13473249
11911076
266334
4283837
23848
24994154
17427494
13401416
13693805
9296180
909073
8485500
3670583
29615236
18047889
8948777
4762889
99035
10324003
9803333
838269
11225852
13216066
7975099
17152302
2791031
4707772
12125634
25337238
1422010
9603507
18439137
17379386
3257119
6031613
26723605
26966562
16606617
5034773
18473485
177051
2280642
13888346
717979
7513384
13869505
8776137
21670717
3797012
8231817
3023764
3676036
13499992
9457690
18795589
2193229
16998787
9893065
7422346
369089
7624661
11790966
22414087
2888439
2592001
23689293
20853053
15734329
11008929
15535127
2271007
9704649
398874
1269162
14507649
12448190
3161661
21989259
9178252
10939633
10418172
11816195
19891753
7200945
13184742
14460829
25408450
5255723
267811
7524983
3392932
3899157
179533
20961503
2619643
11696719
12571782
1899278
7206664
177048
1218983
23517842
14887316
27003955
638020
14803015
19500438
5202969
11637223
2440952
203532
963623
10576905
17798419
3890813
18199954
3402600
10464773
57579
6574090
9809404
13968267
12482682
23147160
15498330
13621961
6385479
26100128
21999482
23788836
27021663
6540484
17079302
7220033
489385
24011794
11157685
23869304
5000013
16556773
8766527
22814638
4401308
22531610
136101
5909285
11273282
17715691
5044822
8230385
12786998
17870021
23175514
19102099
28711468
25202991
24084471
1541957
10806889
3758500
15480807
9592087
7606329
2513052
3418512
6356700
21242712
8624933
20552127
13069032
29408919
21495658
18668330
23297425
14625914
21884555
12126523
5877877
11110562
2388023
9935676
20715
11492350
11729697
9663956
17144287
20017559
8516474
11557590
7035840
5501374
2426270
16977241
5774560
5603764
14477721
29877324
9486441
270140
11298204
26484941
1021449
1811988
25968002
4682342
1220371
3315423
29238071
678008
4259773
8636465
14294657
10631318
15509361
1114287
14386764
10377858
4828093
6875840
17137236
11777779
18154921
8832526
24881755
29327035
16662170
21622097
6850609
27722481
1115983
9651659
7978392
19950893
24641723
6615081
19593285
9556168
26597451
3162219
4606426
2212953
6747166
202
2604658
17123694
24401327
252641
28635984
29015640
29828632
75674
1919902
13578664
17601753
5829439
19538872
2292719
17942499
8386
6368032
7630139
7456179
29514635
12414058
17419782
2057390
25857923
22774668
27022
26549378
13396306
8504896
18346838
22253170
13246769
24311074
9295729
3897496
8190593
17796013
948773
17892547
12185614
21493158
22684374
140187
25604461
3997009
3318114
4926905
10025247
7287714
12466299
4508909
4077564
112012
12757823
7762256
302745
8614885
3532157
970001
271724
15606585
12703689
16540711
26310138
27409269
678583
20078510
9349925
52208
9869053
7749530
19923178
25884782
445007
844091
1800029
3124921
16336615
7295525
25020868
4196943
24886197
9946486
16034648
13263304
24892440
12393705
29553476
12164374
22653139
6358695
3223192
7686665
4617905
20559474
2990923
21172062
19451321
11418633
14116415
12585203
9935676
10191331
2178355
26264138
926770
5850309
19962992
2233984
2928972
11317854
3228579
5876410
28749483
6321501
5055365
12050225
4768957
5157245
19158505
5370554
12004382
3755611
15976430
20502035
6831860
7326551
5547953
14899010
5038928
4498387
598891
12379873
10737313
8130173
5026740
2457678
3782371
27750290
9761248
25050185
27483856
6643486
17693138
21589396
9122959
2963691
2628420
7967751
20507399
25204529
2990923
22223615
21178774
10277861
11580968
4310541
26423523
14476502
25386239
1515195
5164511
6450466
5474255
6347481
416041
3547047
3598968
11208047
5393654
11794585
5435060
25616836
8166171
2182866
7816294
12936843
238320
3888332
5821574
20294766
25861155
21801263
4629782
3301937
8247242
24167208
8566891
9043518
17054387
5926418
11634780
4134330
7451153
4099415
2468834
25506319
20778821
17589780
8699190
877375
3437444
23626880
8671894
11143492
12060595
9463885
10771024
3074495
3812796
10085597
9679629
29447335
19080
9909034
6595427
12126523
10145492
7551423
7035936
59418
3761005
11052661
12336114
240275
753840
26578848
8285219
14661628
2187447
12272544
5730634
10896374
27739662
526735
2816176
11580221
6801689
13619597
7638368
14847302
11525380
17535284
22176882
22374260
4600763
7532330
12525381
3687874
3428672
27342904
4746267
8639962
5547953
679368
2861853
26475825
6037572
21402803
6797539
18937987
5406217
377874
836176
19804341
1379906
29221984
15649410
2674871
678583
2294311
398874
8623039
13957097
2223064
2684060
9539752
24357763
5526215
15678498
9869593
12619635
21466913
12689260
16578504
4152859
10013020
11039176
13292446
15947059
24497438
25346709
13763062
24402942
11826404
4445331
4878901
3161661
23386135
9918400
13256694
10077487
12893721
9996149
21684258
3367469
28755453
1139960
8278900
17381869
13501934
29821519
501294
1870991
1774858
8093978
8976597
5221898
2069656
23068107
12506334
7861281
21028300
12070298
27533477
292883
4373806
19079348
20643797
21774612
15421739
24345420
17765913
343849
9295729
3603949
29088067
5219502
2843085
2050662
27920989
14021109
28690149
12506334
20722481
13433151
5468353
12749623
10540441
24767838
18912402
250847
14788155
23191901
7082771
4801626
3587556
21120846
757739
4196943
12442941
312433
2218747
1603837
13695322
21223304
4863908
13724790
4861523
14898484
11491811
19862653
22527899
23447672
20728723
19390262
9445796
22642
5200505
14415122
22023244
25122006
29726237
347914
9155947
11813809
5876410
9069530
777911
16402367
10075438
18390139
2493257
5469104
22812457
5800350
5162909
25567937
16935357
1739029
1040029
13785569
29098144
4262352
985429
1542371
25116323
3410804
26853600
19752990
14259209
14474710
5236530
24721124
21657943
25888605
963158
17654771
4517267
27120451
22656029
15915350
753840
1329878
12969226
401297
19490573
6033830
4169119
20437540
3257163
10651939
5469483
638020
9778462
10308285
8621607
6053700
18362903
120837
25080927
48497
26595358
11521509
21803380
4492081
17123076
23465947
24454318
8979590
2294311
12507028
3781126
12568531
4065336
6107186
3342957
23723012
22712102
568054
29577923
7111350
3453176
12623692
7640838
20846742
11994159
14106559
7267958
27612734
11211515
2042725
2244738
1384184
1239774
2324330
1723764
1674275
10233535
21092608
6497370
2129253
8294302
24776909
9044462
9025261
10410819
72009
25595766
25174199
12156810
14002909
14617200
11217047
13138799
229466
25778716
78575
12590356
3962650
11063169
18192078
18437602
25973746
17615149
13798879
398874
11071220
20636857
52323
14360398
5943430
27800373
14199137
12990589
13040721
17873718
996871
27657654
13829534
22708515
1210967
9374754
24669324
8234229
5790270
16755608
1126419
16696914
830020
14903980
12822969
10924824
2042725
26397452
29984988
21761200
11461055
20135368
24912
23430477
22206527
15144077
2055599
28704086
2604658
17232067
901925
1564763
24250443
5378419
10748419
14827779
11244913
1148682
7104041
5057687
19838444
1435209
19161432
29146992
28755992
2168037
8986967
4642639
11470783
25380831
8297387
26822067
15951840
6986940
1475271
7827075
10603238
17059139
6856725
11601928
3197202
17840797
9461274
301449
16256478
5629569
2758470
21163013
9122959
549167
26799849
6342634
13827698
4150830
1055661
3279776
27471716
275109
20352315
13110054
11933299
8958578
7864385
13233728
4129489
25477002
4525093
25289496
7062256
12579320
8376890
24599714
6676632
7338454
27119941
14822396
15778681
15587558
23720102
35619
26193037
15588129
22400786
5502699
3600531
4036691
6168666
2481078
3790351
13689563
10598087
18002350
23466538
20528321
3036690
23132552
1553154
12680768
24094381
10970618
1550178
13210335
15526916
7239851
5629569
19930005
8255885
7876061
8965604
25923783
19557977
29078187
3241799
4790797
23604166
18622460
44583
13996281
7696008
27682395
13232858
29900744
2839821
8168824
29299113
29540837
3997009
4919925
2641871
9155947
10708155
537493
23465277
2519331
10649387
21973660
9349925
8627186
13790805
25883349
6885716
15848626
3884792
5030304
5719997
15022416
10877322
22487947
4087233
19157039
14107527
17550683
18782199
29575522
17607669
10552547
5959910
8393631
11772250
502828
20507399
5318885
5926418
19704972
3910514
14111875
29135783
22804450
28580625
43288
23913960
18810
14181005
29100153
10394433
22434060
8431044
10120655
9184531
1579419
583185
24154618
24386027
3051333
16862271
20846742
26627475
28634490
2106205
10866414
16603034
2443739
6732913
17910708
17534631
10868765
22231803
7555875
17710358
9398841
28991986
12836857
17418373
3734929
13822185
4812498
1764597
20610976
17964390
13088967
9368614
8420566
25058683
21040601
26923885
63796
20112117
23250588
14911623
26470565
11989128
16465810
29479190
20899000
23203915
12554637
4517267
319836
12052127
7745797
6319701
12208318
24299994
4682342
1095602
469024
13261558
25255562
21903040
1112950
27016356
10346522
779379
11526046
1389419
20904864
398165
5333346
12246204
5001736
10986957
22024299
25279233
23430477
4930083
17995154
8947664
28535022
1389419
4059539
8904151
11959410
15155795
12686
29814504
3103000
9646893
2183300
13872664
4940933
13238002
10137945
29832386
15734093
313583
16606617
491413
7368208
4947514
19829902
9043619
23184332
10800976
9499263
24371107
2842586
11310016
1841770
28615203
22621054
8032019
17863510
11271888
20841256
6731080
21329
15357647
16482166
164609
15314049
10285985
1786114
462139
2229904
6222704
7249420
6846081
21056329
9097023
29084705
226688
25309704
27673072
6358925
7346003
21356580
1365512
5800045
13943049
10753436
24279683
25419869
7819062
11512917
27251137
7556356
11861074
10344788
24501
2273574
16699238
5559668
7196213
14428952
11972285
7683231
15954927
5416812
18898475
21922
9875571
14477721
9509868
3850640
24847387
3298909
6327694
4273562
2934993
10416728
14107527
5907974
1785219
970001
27750290
8849764
11207322
10397759
19420582
14644491
742826
6266916
11520919
24575282
2221850
14828449
6817398
25939239
25871620
26228311
104203
24751792
23536011
3631118
18597128
14823322
21068717
10884742
12151308
4952750
9072803
12928149
18735326
9215373
14240083
1351190
14360398
10517755
5215051
9310985
9016380
24294165
9287721
24402942
9743488
6368032
2295313
8541042
25128081
24515803
5266412
3731059
2600822
9125646
3516460
9080296
1261099
8001205
6731798
7068090
9988143
847239
8193095
13112189
24327265
26852766
8581993
13015614
5236530
8656659
13198602
3090286
10985477
4895042
2066256
1058443
4099963
16621575
8258985
5296874
4059539
1919902
17798419
7292632
18056566
25477005
20644046
15837508
13596896
10651939
5296874
26998062
6797
5904455
13054433
14333498
17520102
18195301
9890025
2438553
19970959
2354607
2360472
9195003
444486
14193154
1922164
113353
180700
4130022
63796
1913074
10236290
1953071
4018032
8821562
2636279
48599
418297
27591169
9781980
3214011
9907194
8646486
6486207
27704643
323278
7356547
5261346
19371544
14045340
24308823
13919060
29484783
10816440
17743575
17592477
1458765
18771036
2658522
104144
18003022
25341256
29990641
7331032
6392903
15099230
6808067
18308357
18254323
462845
20610081
26223226
27252041
751262
24860163
11361475
2413079
278948
2601385
16245285
4386047
18686309
5635962
1747621
10796265
8369977
6625466
1919902
23072157
2261718
3597408
3978761
21843374
22038650
16026871
25771544
27952503
25431421
26616023
1594534
6974902
25977099
5542908
11693188
343849
4342319
5065127
4689431
13548950
7391792
28783710
21331712
23683071
22255248
7995478
10882019
13976419
20901380
3908558
5218773
12054434
26837405
22546571
11802194
1823179
11323381
29233517
8861000
16116422
11644011
11286187
9306697
21217754
303168
12029648
28924681
8396381
3775938
13504222
22668995
11956372
10475926
25040536
13274238
19262959
9789583
11129487
5349820
21152519
21046913
9404733
7598395
23968048
29256679
28581835
2618949
28688890
24660314
2993543
29165919
13090053
13349672
24149532
4518453
549167
22688105
26281923
6080569
452573
14025428
16914861
5203595
2467101
6220736
11772250
4622512
10013020
29202160
21965568
7701965
21343612
6205821
26812518
10007401
21637440
25014944
17302879
1252011
10110769
24841913
13502945
9275301
15317
9746714
187151
8565580
29577230
3897496
6973343
16933871
29252
19991203
24530736
14512974
12795481
1384184
28066778
5666
13968267
6149597
11389923
7580722
11027798
22587
1437154
3272617
13472468
723630
11079414
13459304
16486935
201927
16030363
1414908
15106897
12363333
7322291
9686264
16470490
1553154
9646893
543184
13821460
8877962
10120885
1320325
15940083
25935597
7497777
19538872
18292871
7537187
8492750
23057608
9592087
109746
4724154
13950259
22979455
4560159
12932994
28330517
910225
8166020
16099119
986137
24451242
3179481
19919087
9681040
14859084
4354583
84091
8882792
5297194
15384950
20645996
6630837
22575936
12571782
11990187
18321016
9067920
8166171
6438352
7923304
28046817
17270257
20479453
12836857
11263850
26974140
20422753
809905
963158
9588455
6911570
8141975
21254531
12566410
5471859
22612032
8130173
11754727
22986136
8314364
12293808
28898235
5514016
8250964
5005062
10639830
12703689
29508436
18900469
567106
25484428
6619828
22287113
9324007
3516460
6533609
1077607
11229677
12458713
6625466
299029
4231804
1090915
5740
14220666
25104045
4961518
14443823
18597078
15894180
21632304
495616
10261837
25270166
2835320
11432332
4240159
1307346
16247987
289028
2129860
23321996
4029580
29805812
2866652
3694866
5044991
22361214
13786803
26716661
24517233
12673140
19775162
906500
28800638
266779
27440628
12155232
24276483
25437401
28649469
2858084
2212800
22071348
21256834
12679941
427334
19646382
22054003
20722481
16336615
5348814
5474255
26188183
15249498
8234187
2217643
6475768
18312207
677873
9644708
20335130
10981045
28303508
11801532
2110266
1513362
11998505
21982048
7711098
18477955
16710954
12745415
14755332
5502333
9256957
4516630
889992
26316758
2823619
21365466
7469362
10429111
19026045
29054527
20511191
4095641
25886000
13872583
2354607
8566891
9757347
25041142
2479990
74687
14169762
11883938
4322469
2638421
11226747
21082189
1505629
393164
8318438
14562135
24750512
14618
25374232
11861074
495887
13950259
20798618
18564628
16316125
63796
3751923
10115382
19730696
4490042
8499280
7744627
500047
6450466
16338089
3254773
15823500
12023999
6180899
16935357
13523527
27769955
9215703
900484
29328
8320847
2641871
7467230
16009807
52533
872778
1871916
8138745
35109
23530421
6128289
3199733
2827615
4755077
9974987
7580722
58314
4103939
7598820
2817208
15204415
6969830
10776578
11397199
5751031
7345386
15501183
28700948
12453057
7716755
13491074
9026284
803474
337838
3603949
11028527
26719791
25111212
9577360
7731771
13781719
19862653
15601361
26560579
12882948
11196855
26673748
704934
28829883
10907741
28786950
22504100
10104995
20340371
5349820
19412058
10158411
1774075
3379640
27541528
20532428
13840819
3607402
24751597
7394525
12882807
21427802
11272205
27550237
8423829
23835061
29529771
7833742
1268468
6930187
29666537
9645900
1812005
27493665
15632893
4985789
10394001
889150
3055686
1324038
7506474
6117322
9659589
4250669
2761975
57126
12298825
10442908
24289970
7438885
25861286
8636465
5728111
25544013
11361475
13311760
5081911
16894958
12990589
19731661
2394091
10884742
11490204
7111350
6580225
25169745
10416728
6496761
11506488
269219
5423950
1871916
2341562
1159494
171949
8886325
5420175
29030997
9774840
5611959
26007022
52208
8903397
10310561
17737182
3028998
15775861
29882832
28215910
6986720
7323707
6539739
25135867
2307820
11443381
23484942
500047
17041807
5448801
29327035
21288949
16933663
23406988
12739022
12857592
7695478
8175007
9744870
2928545
1953804
25149870
2866255
10874083
14489463
18627366
14531092
8218454
9689086
6160639
2743637
18689614
12470130
16838849
13786138
22696437
25819976
781107
17656126
23333318
61910
22741857
3670583
29029592
3227862
28074264
23491171
21350573
28756229
24938025
3265194
16274542
4755830
10862991
16640679
7406606
10491194
7880581
3205501
11272387
1428870
20869150
15562400
16194945
19539350
994086
4445134
22829101
9341848
20704534
14079159
14140970
50482
8281627
10057955
5542705
10565021
310903
10836143
803474
19271666
9686264
13270545
2628287
7772686
21506935
19160578
18240733
21884199
8648516
1041323
12847213
1579915
13989652
679368
3288304
29973342
12618215
770090
19971853
11874353
304761
9965321
24565026
12448190
2616663
1057347
13090053
4983327
6093748
1723022
20559474
11824877
1674386
27353005
9678684
4093530
12185764
16998787
20203510
5279494
23315983
11743457
10884742
11271888
10862515
1635743
18000
28891381
14575783
2592001
21920607
22055616
29123974
20774173
18709852
2819280
1143619
1787350
1936958
5879480
93380
10410819
2949775
22181430
9459158
13969988
4801626
9152561
24944875
4079648
26938265
25412861
9437728
20095553
1976882
7391792
252733
19646382
12208318
1736849
16662980
23594641
2815124
5278419
7950070
19441815
28143713
11409343
15875996
2296327
13601717
25112804
3308519
24429773
12792867
4566577
28894916
14173847
377874
113484
2522580
24802124
10442365
6604410
18604008
6569122
10209358
4878269
23998943
12896088
10490538
9998710
58957
9532054
11471094
11555255
409744
13205996
11956372
1558778
14369304
4181604
9726360
3793506
19539164
3391406
13261558
4930083
25535831
3337619
4123739
5544295
4811541
2786122
25632828
12824969
11245536
8614223
27312115
10651939
13044777
4068728
29256247
7215629
22094358
10803635
2440952
4558959
673242
27671989
12590356
13059553
11926562
19453807
11008907
14322889
28658640
18321016
3075771
7442096
13281065
13534489
24476445
18223136
24552925
4088380
24531369
13832737
10910778
13263304
10932866
23537178
28707681
4389314
437941
23278411
6459279
10977567
3869776
2483934
13495850
14932809
489385
8492750
9470251
9877460
5426313
12548848
3863539
20177301
2098914
10787166
6865934
11263289
3340492
20245402
860923
5603618
10689898
10253189
27721131
3036763
24977409
2906425
18512416
12838802
15067943
25860655
36987
5560557
27430924
90841
6491207
7580908
11566898
11176393
10027807
25541921
9079814
8015118
21578678
25254342
4235415
28707681
23165548
5018917
4764031
17410853
5559668
3449356
8783877
2634551
25771544
2655119
7058902
8005209
1307578
1110147
1404451
13085061
17482454
757567
19170746
27947000
17631234
11018957
27731644
28903553
2296327
19112044
20124075
17558554
11790966
21983320
8935315
12618215
2632279
29639374
28367754
22133872
12581256
11885981
1878249
5925020
2585124
1542371
883644
13490261
19514834
5190152
209220
13455545
2639606
28471569
16638125
18946924
16996772
2842586
3491079
22261127
6748610
16691208
3619514
18727706
6847361
17872390
5570773
6339450
11346911
22590858
24627903
8431044
3969339
2496405
25070668
3834785
18292646
15620954
15797931
393164
2761975
4157016
9678684
8457878
21530077
9498807
7645894
4250932
14826998
10152482
7922933
29171912
354665
8636465
26211
11900070
17613444
8178774
19777626
6808067
23562030
25973746
19511420
3384365
2431117
12080727
26112970
10556237
11108783
10007689
29183591
2629270
11885981
9848224
5521767
10599152
2915581
11645
24833047
6724075
114856
17667992
6362883
24599497
21024098
27771452
13527423
4617754
17072312
7261359
4895042
26121727
370150
164018
5433837
10464893
8507725
3551006
19592636
8693690
13654164
23042801
241532
17397636
25226064
7599225
13066333
821164
802225
1098294
20406697
10701541
134531
28350216
1115983
14532255
18129440
9369250
19472469
11969233
3358077
1863070
12487598
13612549
10576905
23047145
3090286
25477002
1636189
4899374
25843196
11801532
13079781
11217047
23390196
813286
14237511
1423445
16832242
20017559
8086786
225358
6321501
7287714
6587682
17760022
29989970
3828768
2585329
23929799
3598954
24878729
14599201
12691922
6751076
26419689
3330516
1174928
443753
4356642
602998
1698811
8174460
1660672
13952909
19384532
22988018
8765174
6222635
13098966
6587682
2861443
5408181
6544265
7869676
10622800
5351629
11506488
28462771
13340535
18213574
13702324
11488604
10771024
20647770
2264522
19187810
28859389
5134452
4269450
28071276
3346732
2585124
12423283
12851014
20856708
21739425
10908904
12159694
13582016
6874445
23213451
9004872
20582956
19602954
27952204
16281047
10699762
21427950
7550258
5740
602896
17325640
9319369
8835977
21945010
16422777
29529229
8951079
15322899
12992313
6575533
22910030
8848316
14887316
14305980
29476307
4461105
13012095
22185232
1811988
8115538
152914
7086
9026284
5891264
17936665
19572423
20815303
5360550
27039154
7212336
10910595
165683
392902
21846171
5541532
9190336
20844985
1679778
17849766
10610088
10134393
7799966
27173620
200
6276376
17622396
6367798
25369978
11993828
7497126
1000061
9576709
23936839
4036244
12674263
32469
146198
10732514
8369576
145879
3901980
15013956
16113651
58055
14747646
11124421
9152503
8283833
929173
14923255
877375
23867638
27918408
3764134
18458932
4685384
17534631
5502699
6274315
1804116
13037900
25646140
183310
10409972
19978401
12780070
608098
24102466
11914078
10450746
9905745
4766745
20177301
7984058
1542722
2247828
17822434
10651517
24782106
15878511
24597564
14637173
9549502
1893537
5372147
1586266
3161661
3905908
5040501
26812518
3302631
20862376
28211455
6812974
18016611
10709068
39321
3187118
3673386
27466619
10722423
23219938
22504100
25566442
29848872
13105746
21593454
25800248
14045661
17872390
23991369
19688874
459127
11024931
25586986
14084819
8145701
3333197
1042407
11120056
28276937
9160409
24142117
15694040
8064100
1110147
10767416
18139777
12919495
17840718
29745113
1496867
15508040
3074495
10373868
10627132
10729068
14477905
13034989
25794962
9635128
11037435
22483904
15866406
29578859
2429056
18890430
21895024
24692970
7633496
28554516
18396215
194557
23256189
7465532
10488086
14193154
22255248
23202226
931799
29025178
10573345
12293808
15013956
449019
7974806
12638280
25053815
12522053
14543254
25523340
3546014
11807828
25588992
18046865
22065032
23383140
5829439
27217995
16988058
48233
8218496
7779957
8539809
12566762
3892700
5774560
60781
452573
3861499
5430689
11067827
24247271
15590818
247140
28817372
2229904
29829623
19342017
16966132
16320381
19384796
5829439
6051949
14044232
416736
21556956
17787600
9827945
10988027
797057
21172062
16676933
9935676
12791565
3453036
13708195
28832701
131813
5434507
13049
13504222
13874276
1295282
753363
8364745
14467
2629699
14678434
8910918
18357588
19070859
28027737
23335442
14489463
3415238
26814182
7451153
10523978
4500182
10259656
10760696
18005838
9663680
23572474
13685519
6793642
958110
5786306
8274774
5445445
21583633
14129425
6052560
9110182
7345386
58268
15100448
22202904
4405685
616161
6178738
10369834
9761560
848347
8036388
24290028
10288516
15648873
23951521
21749395
22594345
9561703
1681892
9686264
19168219
171972
478493
12811706
21008231
1041573
10979340
14913879
8645072
19448115
9651659
11166655
26723820
9686264
2260552
25022896
8276747
1502753
410465
24689790
5542527
4910404
5500182
13650145
11125355
8949754
21396464
12655748
26193037
16505540
13687425
3199733
23704194
2612514
22843575
19939018
33824
19941754
1304777
8214106
4548526
5662586
1648984
7343833
2094868
50762
17965661
107376
3857070
14754016
10868703
11018858
6637
28239630
19622871
28174176
20287962
21928581
13596218
180948
7931805
3128654
4110043
1427053
12505350
146198
7700877
491025
16620615
16178498
7446737
3090286
16015161
11655458
16489084
12957233
6440075
6112720
5084790
4348014
11040722
23179769
9178252
24712194
5569621
19593285
11923463
9980123
20647770
24121031
9689149
12528420
29642074
27785696
10216997
10981045
20440909
4952750
15498574
15337122
7240710
13098966
1035104
6363884
17510120
367929
7575623
25521174
13240013
16269852
2819280
27334236
18038424
11278055
6413953
10452080
17144784
834843
23804560
15518899
25750475
17702687
15093517
1417263
20821889
3289748
11012924
150587
20535525
4220539
9153736
1191603
5383233
13455261
16749064
133039
14857046
12296509
1445645
9229528
1663395
8554992
6819466
13847267
12940933
26720523
10385709
3690503
17128393
897140
23552014
13199837
2204837
21752116
55792
21480065
11743457
6686704
4120585
473070
16009282
2350
25264003
200
5854395
12643063
17286011
480115
12941517
29867931
18901261
3097654
4888537
18538908
17238438
8434541
14259607
25879372
24526760
5762358
11895993
13098966
13289876
7882652
8474725
10512234
5429936
3148230
8056734
543138
6118934
5756668
9076659
23862460
18637738
17626186
26372309
1082790
13990278
500047
1064225
3871438
16339139
13198602
18045087
28197747
5403652
13963528
24208928
13050045
1408738
16357358
14862804
8585039
14116358
9762973
26309161
5825348
25324466
27869766
8220008
1651319
21692500
14261060
17980952
6363741
1442934
1035416
14138597
7537187
22156292
12823678
13491074
11892975
6331072
11589654
11144073
28915126
8671894
7817137
14028253
9088756
12332866
16730077
701025
13976419
4249740
3687874
20337161
563953
592816
4965121
17032140
6713340
27915328
13371617
13241537
164609
12328755
14182239
1787378
25298069
29209878
9341857
8186458
7867302
13299012
14877891
24282836
6024115
5825506
19170746
844173
21544507
1783640
1661708
11989039
3147722
11374701
10072077
17382775
18794855
6573867
11681488
778627
21222323
20244245
27397182
11734713
11232153
8353280
12071888
12479253
9545475
25865645
13805654
18734190
25383836
10552547
21423197
26860004
15922924
25397875
20749222
576191
12430134
1714776
24662089
7666647
21027561
4736290
24247271
12162674
10218531
22992339
29945651
24986447
28390309
13883416
23556614
29506577
3967941
4559274
8521303
1039583
17747264
6393830
8038712
1601032
21956102
13714082
12004575
26752479
413305
6194190
21321201
13831893
22473553
8948777
14115077
14280
13672078
19424894
701408
15197751
2599697
8848636
7869676
24424794
5118184
10885721
5757806
4907725
19799090
26404401
473459
4571774
7830459
15352392
10813616
4684309
2969322
2963691
11326888
8170954
17615402
28681
19512601
10310561
17090414
1430619
3410112
20215964
29054527
15923384
21524149
20093432
24989472
27128927
382336
17596947
711225
17845237
14349554
15451846
24404055
2443012
26924753
8066028
24902941
22110419
348306
14823322
21228997
596410
10464351
8880948
13381791
11565428
4096852
19976533
8979590
12770428
8225616
20071992
647103
4396561
21598460
5383233
332349
12790397
27541528
107376
9159366
12876164
1428866
29138358
16035151
11701578
2799558
2259907
14490557
955718
19934721
1889164
7876879
23729707
13724790
27561402
2750055
8627186
166846
11365583
12623692
12266073
11310016
1308750
9337909
6797
17091999
26219121
5577569
20405484
635789
18668330
21138438
24081766
17678211
13946494
9555467
20454386
25191036
16004593
24134685
5016013
12674263
12777723
19081450
9628864
7630885
23595149
26054087
19802344
20696509
13621961
12749978
10234386
8055969
3554332
7690504
16935357
14173847
28554087
29882832
7166611
12299214
7411416
19079348
21420809
26479639
99469
21681461
21625179
3187244
8480131
2630337
15609134
2511174
1521971
19341537
28918638
22675217
10369978
9263568
1500085
25684693
25058941
26945537
12638159
22481617
13844302
3076457
1549797
9036429
19924097
14305874
3227862
172244
29149902
10729925
8835593
11720668
13993414
24077135
3745381
13958493
8313380
15881569
521854
3832715
29577230
5898851
9106430
9314064
8100914
10714187
20813320
8803469
27918408
27321685
6102642
14153609
24710523
26962213
7195567
3136796
7986094
26615450
3500615
20107749
14793365
28668426
9331764
8984104
8904151
5044822
12776134
23384266
4390885
15376223
23598256
5158119
3242114
8049492
12597777
8906918
13504222
5823041
25423953
865326
18966696
18542486
3343722
2466146
21466705
28015494
15816498
18874374
10868
11991473
13958493
5370554
26549378
5497690
2969107
12870729
12060595
1468418
12988044
10942379
8712853
23571030
29728222
787979
29687870
10493537
4514619
13292446
15321453
9376321
12328755
21496175
10628282
22293939
28736745
19478479
11860440
9812529
26481237
21850426
14947791
9678684
21114667
8084002
10295711
8157542
18903959
7913164
19456609
3979213
10963562
15740130
9043518
10442365
12103240
20265171
29654744
41162
7664284
12510026
8948777
167552
12703689
4480217
29607
15446559
24218565
2451685
10576858
1507439
11712088
14004023
14903980
14232635
6659096
1870378
11801532
3183000
13409137
113353
12076391
21575770
8861000
11526046
1304777
1722351
21459
6983659
1095875
23459540
25057241
9550228
28594954
25428104
93082
11799091
10896374
22096803
5417270
9225539
9013012
9215703
9219048
2704199
19526675
21407256
25477005
18606613
6460134
13389328
22438035
13296220
15957594
17415740
19713252
2086073
2923415
684781
6342462
1972843
18002350
10092888
8764274
4557996
6814932
5736718
10849627
2272749
25939239
22206527
14201962
18912402
5819932
3127536
28768210
16093986
3054980
28772800
4398858
11567190
8766276
8624933
8945880
18773094
10488086
2629270
6024115
18116353
8916086
19690287
7563615
4247954
882247
11703530
44583
11272205
8139095
23383140
11077278
2191040
7797286
12103240
26458585
22876234
6743894
8229392
6199836
9877261
15777086
3793506
5009669
8516474
8269243
21329
681387
6259003
5968462
5374596
18607024
11935191
20577481
19908100
9356427
3908558
6539739
4145358
2112868
25154819
10397759
15843423
14112414
12215937
12510026
20722481
13407407
10403982
9343202
27939807
5117857
22979455
174177
8999457
7236545
3832715
18385771
4142632
12401455
2494522
27438394
9035132
26654332
10007689
995942
1416038
7513165
27027839
16640679
11754727
2677762
8632819
51372
6569122
6190841
22677751
3171929
1187391
19198071
34026
3074645
12813207
45011
6621240
19818133
167953
