11800
2 273954050
466250028 2
4 273954050
62490745 2
6 62490745
7 4
8 4
968894675 273954050
10 2
11 273954050
12 968894675
13 4
298527050 466250028
15 968894675
16 6
17 12
18 6
19 273954050
20 19
21 6
22 16
23 466250028
24 273954050
25 21
26 21
27 22
28 20
299076050 20
30 22
31 466250028
406808102 25
877352382 8
34 299076050
35 8
36 8
37 18
38 17
711350333 10
40 38
41 10
130423401 41
43 406808102
590446587 8
45 10
46 28
47 21
48 24
49 4
50 21
51 45
948633792 36
53 49
54 13
425892829 18
507968066 948633792
56811908 62490745
58 10
59 31
242246327 25
61 711350333
62 8
63 298527050
64 36
65 28
66 54
749784328 37
222947870 31
69 46
70 130423401
797203175 10
72 30
73 49
74 711350333
75 23
11189789 70
77 59
78 46
79 59
80 53
81 61
82 590446587
83 15
511643746 53
85 82
86 61
193424813 65
88 28
288076152 6
475369857 16
91 53
92 30
730792857 21
94 27
95 41
384068085 511643746
97 948633792
98 49
99 26
100 406808102
101 100
102 15
103 28
104 75
105 425892829
899653662 61
107 56811908
108 222947870
109 222947870
73229551 109
111 288076152
112 30
113 62
630272327 79
115 27
116 406808102
117 51
118 50
746989006 48
120 130423401
497184735 105
122 6
123 107
124 77
125 66
126 115
127 111
128 384068085
129 24
130 31
131 77
105342779 298527050
133 115
142841560 95
135 79
350140981 107
137 50
138 64
627194597 62
140 877352382
117755703 47
142 72
143 350140981
144 24
145 63
146 115
147 109
148 95
149 41
150 79
371720648 144
152 17
153 142
125960853 64
155 116
616625556 11
157 81
158 425892829
131780795 149
160 56811908
832814328 48
162 94
163 133
44945282 13
165 95
166 94
772159137 77
168 158
291157425 749784328
730006617 21
334355599 13
172 21
500946345 105
167927053 35
175 80
176 108
177 24
178 968894675
179 948633792
180 147
181 113
182 176
183 158
499867963 100
185 54
186 183
187 25
188 187
189 36
285256258 10
191 145
192 507968066
693826283 36
194 406808102
195 62490745
196 105342779
197 188
198 46
923086871 131
200 118
201 334355599
500211744 182
203 34
204 175
205 746989006
206 28
341756484 51
208 63
209 98
210 500211744
759469661 63
212 130423401
835827731 730792857
214 105342779
215 23
216 77
217 127
218 186
219 79
220 53
12315874 50
222 73229551
223 730006617
543587258 285256258
225 61
226 75
227 6
228 157
256084880 122
230 175
231 118
232 81
233 168
234 273954050
235 152
236 497184735
237 195
332632320 37
239 166
240 181
241 749784328
323195376 153
243 17
244 323195376
349469398 47
246 543587258
247 104
248 627194597
249 59
250 111
98476897 299076050
252 72
253 103
455967986 11189789
25561550 94
256 129
257 693826283
258 144
259 197
260 166
992240331 56811908
262 142841560
263 455967986
264 59
359530383 204
266 193424813
267 17
268 228
484238743 797203175
78562459 66
76438296 50
272 63
537596921 228
274 140
275 176
173362873 188
206409080 145
278 249
279 56811908
597909721 101
281 208
282 82
283 124
284 43
285 148
286 877352382
287 262
288 192
289 56811908
659351456 72
5515367 125
495746536 268
293 285
492655279 201
295 125
296 124
297 21
298 299076050
299 192
300 455967986
301 246
302 173362873
303 177
578850602 299076050
305 253
306 206
253850995 155
308 797203175
309 65
310 103
311 295
312 47
313 406808102
314 131
315 208
316 144
317 75
318 149
319 12
320 28
321 46
322 26
323 101
324 205
325 30
326 244
327 289
328 131
329 256084880
330 34
493830227 22
332 131
333 31
334 499867963
335 206409080
627132222 30
718156277 263
338 218
339 329
340 4
341 266
342 319
343 537596921
51700357 285
345 217
574452655 301
347 232
348 297
58114502 305
838088748 80
430613039 189
235660457 497184735
353 166
354 484238743
92303110 257
356 192
357 968894675
358 279
359 286
80427117 21
31094935 275
362 574452655
363 61
364 406808102
365 108
366 249
367 135
368 76438296
369 216
370 574452655
371 47
372 168
373 499867963
374 235660457
210037008 323195376
208391712 295
377 117
434976667 8
379 466250028
380 107
381 142
382 133
383 730006617
384 208
385 299
386 5515367
387 180
958898079 140
759354239 350140981
712969961 128
391 149
392 185
393 38
394 309
395 214
396 334
762293003 256
398 266
399 219
70338503 195
401 730006617
402 264
403 4
404 22
797285010 366
406 289
407 117755703
408 296
409 115
410 257
259816454 364
412 252
413 123
414 492655279
415 315
416 404
417 195
418 188
419 398
420 218
421 92
422 165
423 78562459
424 383
474157239 40
426 333
42041273 333
790599258 403
429 147
430 76438296
431 434976667
432 332632320
433 19
434 23
435 252
436 223
972785286 66
438 108
713719147 131780795
440 475369857
441 339
170359834 711350333
443 118
895904299 329
445 266
446 115
139451071 367
19660371 320
449 507968066
450 313
451 283
452 215
453 226
454 415
455 180
456 130
457 80427117
458 91
459 235
460 24
839045169 497184735
984335506 343
463 99
464 362
465 730792857
466 457
467 332
468 432
469 247
870524077 162
471 399
472 73
473 299076050
393244733 237
475 38
476 235660457
840636492 37
478 222947870
479 102
480 272
481 241
482 357
483 26
484 272
485 264
486 455
834553155 359530383
342633103 630272327
489 73229551
490 455967986
491 434
492 237
493 98
494 485
495 759354239
87669855 74
937656379 335
498 322
499 484
136993639 81
501 333
759421646 497184735
578345427 260
308272375 130423401
505 353
69692795 220
258303240 289
508 8
652264300 659351456
908740498 326
511 85
209030359 380
47036523 469
514 2
474799716 984335506
884589731 201
517 790599258
343153096 484
519 42041273
520 464
521 434976667
407316667 268
523 127
810980762 578345427
525 466
526 231
855463698 175
528 58
529 693826283
530 749784328
118093666 31
532 341
533 485
534 396
535 313
536 464
537 327
538 590446587
611697312 391
540 12315874
541 403
54752244 226
543 28
544 401
769507814 984335506
546 80427117
921201148 321
548 25561550
840408613 117755703
550 455
551 92303110
742460121 31094935
545137359 316
919274927 80
555 367
474267963 551
631859383 421
558 118
559 118
310090908 484238743
561 420